Line 21: Class LydiansOcx.vlr of control vlr3 was not a loaded control class.
Line 35: Class LydiansOcx.vlr of control vlr2 was not a loaded control class.
Line 49: Class LydiansOcx.vlr of control vlr1 was not a loaded control class.
Line 27: The property name _ExtentX in vlr3 is invalid.
Line 28: The property name _ExtentY in vlr3 is invalid.
Line 30: The property name TitNome in vlr3 is invalid.
Line 31: The property name TitLargura in vlr3 is invalid.
Line 32: The property name Decimais in vlr3 is invalid.
Line 33: The property name Inteiros in vlr3 is invalid.
Line 41: The property name _ExtentX in vlr2 is invalid.
Line 42: The property name _ExtentY in vlr2 is invalid.
Line 44: The property name TitNome in vlr2 is invalid.
Line 45: The property name TitLargura in vlr2 is invalid.
Line 46: The property name Decimais in vlr2 is invalid.
Line 47: The property name Inteiros in vlr2 is invalid.
Line 55: The property name _ExtentX in vlr1 is invalid.
Line 56: The property name _ExtentY in vlr1 is invalid.
Line 58: The property name TitNome in vlr1 is invalid.
Line 59: The property name TitLargura in vlr1 is invalid.
Line 60: The property name Decimais in vlr1 is invalid.
Line 61: The property name Inteiros in vlr1 is invalid.
