Line 25: Class LydiansOcx.vlr of control vlrP was not a loaded control class.
Line 39: Class LydiansOcx.vlr of control vlrJP was not a loaded control class.
Line 53: Class LydiansOcx.vlr of control vlrJ was not a loaded control class.
Line 31: The property name _ExtentX in vlrP is invalid.
Line 32: The property name _ExtentY in vlrP is invalid.
Line 34: The property name TitNome in vlrP is invalid.
Line 35: The property name TitLargura in vlrP is invalid.
Line 36: The property name Decimais in vlrP is invalid.
Line 37: The property name Value in vlrP is invalid.
Line 45: The property name _ExtentX in vlrJP is invalid.
Line 46: The property name _ExtentY in vlrJP is invalid.
Line 48: The property name TitNome in vlrJP is invalid.
Line 49: The property name TitLargura in vlrJP is invalid.
Line 50: The property name Decimais in vlrJP is invalid.
Line 51: The property name Value in vlrJP is invalid.
Line 59: The property name _ExtentX in vlrJ is invalid.
Line 60: The property name _ExtentY in vlrJ is invalid.
Line 62: The property name TitNome in vlrJ is invalid.
Line 63: The property name TitLargura in vlrJ is invalid.
Line 64: The property name Decimais in vlrJ is invalid.
Line 65: The property name Value in vlrJ is invalid.
